Reading package lists...
Building dependency tree...
Reading state information...
Calculating upgrade...
The following packages were automatically installed and are no longer required:
  libevent-pthreads-2.1-7 libflashrom1 libftdi1-2 libllvm13 liblockfile-bin
  liblockfile1 libopts25 libqt5help5 libqt5sql5 libqt5sql5-sqlite libqt5xml5
  libsigsegv2 lockfile-progs m4 sendmail-base sendmail-cf sensible-mda sntp
Use 'sudo apt autoremove' to remove them.
The following packages have been kept back:
  alsa-ucm-conf gnome-remote-desktop
0 upgraded, 0 newly installed, 0 to remove and 2 not upgraded.
Reading package lists...
Building dependency tree...
Reading state information...
Calculating upgrade...
The following packages have been kept back:
  alsa-ucm-conf gnome-remote-desktop
0 upgraded, 0 newly installed, 0 to remove and 2 not upgraded.
Reading package lists...
Building dependency tree...
Reading state information...
Calculating upgrade...
The following packages have been kept back:
  alsa-ucm-conf gnome-remote-desktop
0 upgraded, 0 newly installed, 0 to remove and 2 not upgraded.
Reading package lists...
Building dependency tree...
Reading state information...
Calculating upgrade...
The following packages have been kept back:
  alsa-ucm-conf gnome-remote-desktop
0 upgraded, 0 newly installed, 0 to remove and 2 not upgraded.
